<?xml version="1.0" encoding="UTF-8"?>
<testng-results skipped="0" failed="0" total="1" passed="1">
  <reporter-output>
  </reporter-output>
  <suite name="Default suite" duration-ms="44743" started-at="2014-07-10T21:01:48Z" finished-at="2014-07-10T21:02:33Z">
    <groups>
    </groups>
    <test name="Default test" duration-ms="44743" started-at="2014-07-10T21:01:48Z" finished-at="2014-07-10T21:02:33Z">
      <class name="com.asfr.data.PageMdtTest">
        <test-method status="PASS" signature="testGetTotalCount()[pri:0, instance:com.asfr.data.PageMdtTest@656de49c]" name="testGetTotalCount" duration-ms="44733" started-at="2014-07-10T23:01:48Z" finished-at="2014-07-10T23:02:33Z">
          <reporter-output>
          </reporter-output>
        </test-method> <!-- testGetTotalCount -->
      </class> <!-- com.asfr.data.PageMdtTest -->
    </test> <!-- Default test -->
  </suite> <!-- Default suite -->
</testng-results>
